0 verbose cli /usr/local/bin/node /usr/local/bin/npm
1 info using npm@10.9.2
2 info using node@v22.13.0
3 silly config load:file:/usr/local/lib/node_modules/npm/npmrc
4 silly config load:file:/Users/jind/Desktop/Code/website/.npmrc
5 silly config load:file:/Users/jind/.npmrc
6 silly config load:file:/usr/local/etc/npmrc
7 verbose title npm install cos-nodejs-sdk-v5
8 verbose argv "install" "cos-nodejs-sdk-v5" "--legacy-peer-deps" "--no-audit" "--no-fund"
9 verbose logfile logs-max:10 dir:/Users/jind/Desktop/Code/website/.npm-cache/_logs/2026-05-14T06_24_12_386Z-
10 verbose logfile /Users/jind/Desktop/Code/website/.npm-cache/_logs/2026-05-14T06_24_12_386Z-debug-0.log
11 silly logfile done cleaning log files
12 silly packumentCache heap:2197815296 maxSize:549453824 maxEntrySize:274726912
13 silly idealTree buildDeps
14 silly fetch manifest cos-nodejs-sdk-v5@*
15 silly packumentCache full:https://registry.npmmirror.com/cos-nodejs-sdk-v5 cache-miss
16 http fetch GET 200 https://registry.npmmirror.com/cos-nodejs-sdk-v5 190ms (cache miss)
17 silly packumentCache full:https://registry.npmmirror.com/cos-nodejs-sdk-v5 set size:68854 disposed:false
18 silly placeDep ROOT cos-nodejs-sdk-v5@2.15.4 OK for: website@0.1.0 want: *
19 silly fetch manifest conf@^9.0.0
20 silly packumentCache full:https://registry.npmmirror.com/conf cache-miss
21 silly fetch manifest fast-xml-parser@4.2.5
22 silly packumentCache full:https://registry.npmmirror.com/fast-xml-parser cache-miss
23 silly fetch manifest mime-types@^2.1.24
24 silly packumentCache full:https://registry.npmmirror.com/mime-types cache-miss
25 silly fetch manifest request@^2.88.2
26 silly packumentCache full:https://registry.npmmirror.com/request cache-miss
27 http fetch GET 200 https://registry.npmmirror.com/conf 26ms (cache miss)
28 silly packumentCache full:https://registry.npmmirror.com/conf set size:33596 disposed:false
29 http fetch GET 200 https://registry.npmmirror.com/mime-types 101ms (cache miss)
30 silly packumentCache full:https://registry.npmmirror.com/mime-types set size:21356 disposed:false
31 http fetch GET 200 https://registry.npmmirror.com/request 114ms (cache miss)
32 silly packumentCache full:https://registry.npmmirror.com/request set size:49863 disposed:false
33 http fetch GET 200 https://registry.npmmirror.com/fast-xml-parser 123ms (cache miss)
34 silly packumentCache full:https://registry.npmmirror.com/fast-xml-parser set size:91517 disposed:false
35 silly placeDep ROOT conf@9.0.2 OK for: cos-nodejs-sdk-v5@2.15.4 want: ^9.0.0
36 silly placeDep ROOT fast-xml-parser@4.2.5 OK for: cos-nodejs-sdk-v5@2.15.4 want: 4.2.5
37 silly placeDep ROOT mime-types@2.1.35 OK for: cos-nodejs-sdk-v5@2.15.4 want: ^2.1.24
38 silly placeDep ROOT request@2.88.2 OK for: cos-nodejs-sdk-v5@2.15.4 want: ^2.88.2
39 silly fetch manifest ajv@^7.0.3
40 silly packumentCache full:https://registry.npmmirror.com/ajv cache-miss
41 silly fetch manifest ajv-formats@^1.5.1
42 silly packumentCache full:https://registry.npmmirror.com/ajv-formats cache-miss
43 silly fetch manifest atomically@^1.7.0
44 silly packumentCache full:https://registry.npmmirror.com/atomically cache-miss
45 silly fetch manifest debounce-fn@^4.0.0
46 silly packumentCache full:https://registry.npmmirror.com/debounce-fn cache-miss
47 silly fetch manifest dot-prop@^6.0.1
48 silly packumentCache full:https://registry.npmmirror.com/dot-prop cache-miss
49 silly fetch manifest env-paths@^2.2.0
50 silly packumentCache full:https://registry.npmmirror.com/env-paths cache-miss
51 silly fetch manifest json-schema-typed@^7.0.3
52 silly packumentCache full:https://registry.npmmirror.com/json-schema-typed cache-miss
53 http fetch GET 200 https://registry.npmmirror.com/debounce-fn 50ms (cache miss)
54 silly packumentCache full:https://registry.npmmirror.com/debounce-fn set size:7991 disposed:false
55 silly fetch manifest make-dir@^3.1.0
56 silly packumentCache full:https://registry.npmmirror.com/make-dir cache-miss
57 http fetch GET 200 https://registry.npmmirror.com/atomically 59ms (cache miss)
58 silly packumentCache full:https://registry.npmmirror.com/atomically set size:12167 disposed:false
59 silly fetch manifest onetime@^5.1.2
60 silly packumentCache full:https://registry.npmmirror.com/onetime cache-miss
61 http fetch GET 200 https://registry.npmmirror.com/dot-prop 60ms (cache miss)
62 silly packumentCache full:https://registry.npmmirror.com/dot-prop set size:16769 disposed:false
63 silly fetch manifest pkg-up@^3.1.0
64 silly packumentCache full:https://registry.npmmirror.com/pkg-up cache-miss
65 http fetch GET 200 https://registry.npmmirror.com/ajv-formats 61ms (cache miss)
66 silly packumentCache full:https://registry.npmmirror.com/ajv-formats set size:15007 disposed:false
67 silly fetch manifest semver@^7.3.4
68 silly packumentCache full:https://registry.npmmirror.com/semver cache-miss
69 http fetch GET 200 https://registry.npmmirror.com/env-paths 84ms (cache miss)
70 silly packumentCache full:https://registry.npmmirror.com/env-paths set size:5253 disposed:false
71 silly fetch manifest strnum@^1.0.5
72 silly packumentCache full:https://registry.npmmirror.com/strnum cache-miss
73 http fetch GET 200 https://registry.npmmirror.com/make-dir 33ms (cache miss)
74 silly packumentCache full:https://registry.npmmirror.com/make-dir set size:6505 disposed:false
75 silly fetch manifest mime-db@1.52.0
76 silly packumentCache full:https://registry.npmmirror.com/mime-db cache-miss
77 http fetch GET 200 https://registry.npmmirror.com/json-schema-typed 87ms (cache miss)
78 silly packumentCache full:https://registry.npmmirror.com/json-schema-typed set size:7123 disposed:false
79 silly fetch manifest aws-sign2@~0.7.0
80 silly packumentCache full:https://registry.npmmirror.com/aws-sign2 cache-miss
81 http fetch GET 200 https://registry.npmmirror.com/onetime 31ms (cache miss)
82 silly packumentCache full:https://registry.npmmirror.com/onetime set size:6018 disposed:false
83 silly fetch manifest aws4@^1.8.0
84 silly packumentCache full:https://registry.npmmirror.com/aws4 cache-miss
85 http fetch GET 200 https://registry.npmmirror.com/ajv 98ms (cache revalidated)
86 silly packumentCache full:https://registry.npmmirror.com/ajv set size:1059632 disposed:false
87 silly fetch manifest caseless@~0.12.0
88 silly packumentCache full:https://registry.npmmirror.com/caseless cache-miss
89 http fetch GET 200 https://registry.npmmirror.com/pkg-up 49ms (cache miss)
90 silly packumentCache full:https://registry.npmmirror.com/pkg-up set size:3543 disposed:false
91 silly fetch manifest combined-stream@~1.0.6
92 silly packumentCache full:https://registry.npmmirror.com/combined-stream cache-miss
93 http fetch GET 200 https://registry.npmmirror.com/semver 46ms (cache revalidated)
94 silly packumentCache full:https://registry.npmmirror.com/semver set size:207994 disposed:false
95 silly fetch manifest extend@~3.0.2
96 silly packumentCache full:https://registry.npmmirror.com/extend cache-miss
97 http fetch GET 200 https://registry.npmmirror.com/aws-sign2 31ms (cache miss)
98 silly packumentCache full:https://registry.npmmirror.com/aws-sign2 set size:1679 disposed:false
99 silly fetch manifest forever-agent@~0.6.1
100 silly packumentCache full:https://registry.npmmirror.com/forever-agent cache-miss
101 http fetch GET 200 https://registry.npmmirror.com/strnum 42ms (cache miss)
102 silly packumentCache full:https://registry.npmmirror.com/strnum set size:9989 disposed:false
103 silly fetch manifest form-data@~2.3.2
104 silly packumentCache full:https://registry.npmmirror.com/form-data cache-miss
105 http fetch GET 200 https://registry.npmmirror.com/mime-db 43ms (cache miss)
106 silly packumentCache full:https://registry.npmmirror.com/mime-db set size:24206 disposed:false
107 silly fetch manifest har-validator@~5.1.3
108 silly packumentCache full:https://registry.npmmirror.com/har-validator cache-miss
109 http fetch GET 200 https://registry.npmmirror.com/caseless 33ms (cache miss)
110 silly packumentCache full:https://registry.npmmirror.com/caseless set size:3907 disposed:false
111 silly fetch manifest http-signature@~1.2.0
112 silly packumentCache full:https://registry.npmmirror.com/http-signature cache-miss
113 http fetch GET 200 https://registry.npmmirror.com/aws4 47ms (cache miss)
114 silly packumentCache full:https://registry.npmmirror.com/aws4 set size:27829 disposed:false
115 silly fetch manifest is-typedarray@~1.0.0
116 silly packumentCache full:https://registry.npmmirror.com/is-typedarray cache-miss
117 http fetch GET 200 https://registry.npmmirror.com/combined-stream 30ms (cache miss)
118 silly packumentCache full:https://registry.npmmirror.com/combined-stream set size:7154 disposed:false
119 silly fetch manifest isstream@~0.1.2
120 silly packumentCache full:https://registry.npmmirror.com/isstream cache-miss
121 http fetch GET 200 https://registry.npmmirror.com/forever-agent 23ms (cache miss)
122 silly packumentCache full:https://registry.npmmirror.com/forever-agent set size:2236 disposed:false
123 silly fetch manifest json-stringify-safe@~5.0.1
124 silly packumentCache full:https://registry.npmmirror.com/json-stringify-safe cache-miss
125 http fetch GET 200 https://registry.npmmirror.com/extend 33ms (cache miss)
126 silly packumentCache full:https://registry.npmmirror.com/extend set size:5756 disposed:false
127 silly fetch manifest oauth-sign@~0.9.0
128 silly packumentCache full:https://registry.npmmirror.com/oauth-sign cache-miss
129 http fetch GET 200 https://registry.npmmirror.com/is-typedarray 26ms (cache miss)
130 silly packumentCache full:https://registry.npmmirror.com/is-typedarray set size:1384 disposed:false
131 silly fetch manifest performance-now@^2.1.0
132 silly packumentCache full:https://registry.npmmirror.com/performance-now cache-miss
133 http fetch GET 200 https://registry.npmmirror.com/http-signature 29ms (cache miss)
134 silly packumentCache full:https://registry.npmmirror.com/http-signature set size:10484 disposed:false
135 silly fetch manifest qs@~6.5.2
136 silly packumentCache full:https://registry.npmmirror.com/qs cache-miss
137 http fetch GET 200 https://registry.npmmirror.com/isstream 26ms (cache miss)
138 silly packumentCache full:https://registry.npmmirror.com/isstream set size:2501 disposed:false
139 silly fetch manifest safe-buffer@^5.1.2
140 silly packumentCache full:https://registry.npmmirror.com/safe-buffer cache-miss
141 http fetch GET 200 https://registry.npmmirror.com/har-validator 38ms (cache miss)
142 silly packumentCache full:https://registry.npmmirror.com/har-validator set size:17805 disposed:false
143 silly fetch manifest tough-cookie@~2.5.0
144 silly packumentCache full:https://registry.npmmirror.com/tough-cookie cache-miss
145 http fetch GET 200 https://registry.npmmirror.com/form-data 44ms (cache miss)
146 silly packumentCache full:https://registry.npmmirror.com/form-data set size:25145 disposed:false
147 silly fetch manifest tunnel-agent@^0.6.0
148 silly packumentCache full:https://registry.npmmirror.com/tunnel-agent cache-miss
149 http fetch GET 200 https://registry.npmmirror.com/json-stringify-safe 32ms (cache miss)
150 silly packumentCache full:https://registry.npmmirror.com/json-stringify-safe set size:2488 disposed:false
151 silly fetch manifest uuid@^3.3.2
152 silly packumentCache full:https://registry.npmmirror.com/uuid cache-miss
153 http fetch GET 200 https://registry.npmmirror.com/oauth-sign 32ms (cache miss)
154 silly packumentCache full:https://registry.npmmirror.com/oauth-sign set size:3253 disposed:false
155 http fetch GET 200 https://registry.npmmirror.com/performance-now 27ms (cache miss)
156 silly packumentCache full:https://registry.npmmirror.com/performance-now set size:4601 disposed:false
157 http fetch GET 200 https://registry.npmmirror.com/safe-buffer 26ms (cache miss)
158 silly packumentCache full:https://registry.npmmirror.com/safe-buffer set size:11685 disposed:false
159 http fetch GET 200 https://registry.npmmirror.com/tunnel-agent 23ms (cache miss)
160 silly packumentCache full:https://registry.npmmirror.com/tunnel-agent set size:2780 disposed:false
161 http fetch GET 200 https://registry.npmmirror.com/tough-cookie 26ms (cache miss)
162 silly packumentCache full:https://registry.npmmirror.com/tough-cookie set size:27583 disposed:false
163 http fetch GET 200 https://registry.npmmirror.com/qs 33ms (cache miss)
164 silly packumentCache full:https://registry.npmmirror.com/qs set size:68303 disposed:false
165 http fetch GET 200 https://registry.npmmirror.com/uuid 64ms (cache miss)
166 silly packumentCache full:https://registry.npmmirror.com/uuid set size:37094 disposed:false
167 silly placeDep node_modules/conf ajv@7.2.4 OK for: conf@9.0.2 want: ^7.0.3
168 silly placeDep ROOT ajv-formats@1.6.1 OK for: conf@9.0.2 want: ^1.5.1
169 silly placeDep ROOT atomically@1.7.0 OK for: conf@9.0.2 want: ^1.7.0
170 silly placeDep ROOT debounce-fn@4.0.0 OK for: conf@9.0.2 want: ^4.0.0
171 silly placeDep ROOT dot-prop@6.0.1 OK for: conf@9.0.2 want: ^6.0.1
172 silly placeDep ROOT env-paths@2.2.1 OK for: conf@9.0.2 want: ^2.2.0
173 silly placeDep ROOT json-schema-typed@7.0.3 OK for: conf@9.0.2 want: ^7.0.3
174 silly placeDep ROOT make-dir@3.1.0 OK for: conf@9.0.2 want: ^3.1.0
175 silly placeDep ROOT onetime@5.1.2 OK for: conf@9.0.2 want: ^5.1.2
176 silly placeDep ROOT pkg-up@3.1.0 OK for: conf@9.0.2 want: ^3.1.0
177 silly placeDep node_modules/conf semver@7.8.0 OK for: conf@9.0.2 want: ^7.3.4
178 silly fetch manifest json-schema-traverse@^1.0.0
179 silly packumentCache full:https://registry.npmmirror.com/json-schema-traverse cache-miss
180 silly fetch manifest require-from-string@^2.0.2
181 silly packumentCache full:https://registry.npmmirror.com/require-from-string cache-miss
182 silly fetch manifest ajv@^7.0.0
183 silly packumentCache full:https://registry.npmmirror.com/ajv cache-miss
184 silly fetch manifest mimic-fn@^3.0.0
185 silly packumentCache full:https://registry.npmmirror.com/mimic-fn cache-miss
186 silly fetch manifest is-obj@^2.0.0
187 silly packumentCache full:https://registry.npmmirror.com/is-obj cache-miss
188 silly fetch manifest mimic-fn@^2.1.0
189 silly packumentCache full:https://registry.npmmirror.com/mimic-fn cache-miss
190 silly fetch manifest find-up@^3.0.0
191 silly packumentCache full:https://registry.npmmirror.com/find-up cache-miss
192 http cache https://registry.npmmirror.com/ajv 5ms (cache hit)
193 silly packumentCache full:https://registry.npmmirror.com/ajv set size:1059632 disposed:false
194 http fetch GET 200 https://registry.npmmirror.com/json-schema-traverse 28ms (cache revalidated)
195 silly packumentCache full:https://registry.npmmirror.com/json-schema-traverse set size:19581 disposed:false
196 http fetch GET 200 https://registry.npmmirror.com/find-up 28ms (cache revalidated)
197 silly packumentCache full:https://registry.npmmirror.com/find-up set size:36584 disposed:false
198 http fetch GET 200 https://registry.npmmirror.com/is-obj 29ms (cache miss)
199 silly packumentCache full:https://registry.npmmirror.com/is-obj set size:2428 disposed:false
200 http fetch GET 200 https://registry.npmmirror.com/mimic-fn 30ms (cache miss)
201 silly packumentCache full:https://registry.npmmirror.com/mimic-fn set size:4665 disposed:false
202 http fetch GET 200 https://registry.npmmirror.com/require-from-string 30ms (cache miss)
203 silly packumentCache full:https://registry.npmmirror.com/require-from-string set size:3441 disposed:false
204 http fetch GET 200 https://registry.npmmirror.com/mimic-fn 30ms (cache miss)
205 silly packumentCache full:https://registry.npmmirror.com/mimic-fn set size:4665 disposed:false
206 silly packumentCache full:https://registry.npmmirror.com/mimic-fn dispose
207 silly placeDep node_modules/ajv-formats ajv@7.2.4 OK for: ajv-formats@1.6.1 want: ^7.0.0
208 silly placeDep ROOT mimic-fn@3.1.0 OK for: debounce-fn@4.0.0 want: ^3.0.0
209 silly placeDep ROOT is-obj@2.0.0 OK for: dot-prop@6.0.1 want: ^2.0.0
210 silly placeDep ROOT strnum@1.1.2 OK for: fast-xml-parser@4.2.5 want: ^1.0.5
211 silly placeDep ROOT mime-db@1.52.0 OK for: mime-types@2.1.35 want: 1.52.0
212 silly placeDep node_modules/onetime mimic-fn@2.1.0 OK for: onetime@5.1.2 want: ^2.1.0
213 silly placeDep node_modules/pkg-up find-up@3.0.0 OK for: pkg-up@3.1.0 want: ^3.0.0
214 silly fetch manifest locate-path@^3.0.0
215 silly packumentCache full:https://registry.npmmirror.com/locate-path cache-miss
216 http fetch GET 200 https://registry.npmmirror.com/locate-path 19ms (cache revalidated)
217 silly packumentCache full:https://registry.npmmirror.com/locate-path set size:26579 disposed:false
218 silly placeDep ROOT aws-sign2@0.7.0 OK for: request@2.88.2 want: ~0.7.0
219 silly placeDep ROOT aws4@1.13.2 OK for: request@2.88.2 want: ^1.8.0
220 silly placeDep ROOT caseless@0.12.0 OK for: request@2.88.2 want: ~0.12.0
221 silly placeDep ROOT combined-stream@1.0.8 OK for: request@2.88.2 want: ~1.0.6
222 silly placeDep ROOT extend@3.0.2 OK for: request@2.88.2 want: ~3.0.2
223 silly placeDep ROOT forever-agent@0.6.1 OK for: request@2.88.2 want: ~0.6.1
224 silly placeDep ROOT form-data@2.3.3 OK for: request@2.88.2 want: ~2.3.2
225 silly placeDep ROOT har-validator@5.1.5 OK for: request@2.88.2 want: ~5.1.3
226 silly placeDep ROOT http-signature@1.2.0 OK for: request@2.88.2 want: ~1.2.0
227 silly placeDep ROOT is-typedarray@1.0.0 OK for: request@2.88.2 want: ~1.0.0
228 silly placeDep ROOT isstream@0.1.2 OK for: request@2.88.2 want: ~0.1.2
229 silly placeDep ROOT json-stringify-safe@5.0.1 OK for: request@2.88.2 want: ~5.0.1
230 silly placeDep ROOT oauth-sign@0.9.0 OK for: request@2.88.2 want: ~0.9.0
231 silly placeDep ROOT performance-now@2.1.0 OK for: request@2.88.2 want: ^2.1.0
232 silly placeDep ROOT qs@6.5.5 OK for: request@2.88.2 want: ~6.5.2
233 silly placeDep ROOT safe-buffer@5.2.1 OK for: request@2.88.2 want: ^5.1.2
234 silly placeDep ROOT tough-cookie@2.5.0 OK for: request@2.88.2 want: ~2.5.0
235 silly placeDep ROOT tunnel-agent@0.6.0 OK for: request@2.88.2 want: ^0.6.0
236 silly placeDep ROOT uuid@3.4.0 OK for: request@2.88.2 want: ^3.3.2
237 silly fetch manifest delayed-stream@~1.0.0
238 silly packumentCache full:https://registry.npmmirror.com/delayed-stream cache-miss
239 silly fetch manifest asynckit@^0.4.0
240 silly packumentCache full:https://registry.npmmirror.com/asynckit cache-miss
241 silly fetch manifest har-schema@^2.0.0
242 silly packumentCache full:https://registry.npmmirror.com/har-schema cache-miss
243 silly fetch manifest assert-plus@^1.0.0
244 silly packumentCache full:https://registry.npmmirror.com/assert-plus cache-miss
245 silly fetch manifest jsprim@^1.2.2
246 silly packumentCache full:https://registry.npmmirror.com/jsprim cache-miss
247 silly fetch manifest sshpk@^1.7.0
248 silly packumentCache full:https://registry.npmmirror.com/sshpk cache-miss
249 silly fetch manifest psl@^1.1.28
250 silly packumentCache full:https://registry.npmmirror.com/psl cache-miss
251 http fetch GET 200 https://registry.npmmirror.com/asynckit 23ms (cache miss)
252 silly packumentCache full:https://registry.npmmirror.com/asynckit set size:4942 disposed:false
253 http fetch GET 200 https://registry.npmmirror.com/delayed-stream 23ms (cache miss)
254 silly packumentCache full:https://registry.npmmirror.com/delayed-stream set size:4333 disposed:false
255 http fetch GET 200 https://registry.npmmirror.com/assert-plus 23ms (cache miss)
256 silly packumentCache full:https://registry.npmmirror.com/assert-plus set size:4905 disposed:false
257 http fetch GET 200 https://registry.npmmirror.com/har-schema 31ms (cache miss)
258 silly packumentCache full:https://registry.npmmirror.com/har-schema set size:4484 disposed:false
259 http fetch GET 200 https://registry.npmmirror.com/psl 31ms (cache miss)
260 silly packumentCache full:https://registry.npmmirror.com/psl set size:22970 disposed:false
261 http fetch GET 200 https://registry.npmmirror.com/jsprim 75ms (cache miss)
262 silly packumentCache full:https://registry.npmmirror.com/jsprim set size:13943 disposed:false
263 http fetch GET 200 https://registry.npmmirror.com/sshpk 83ms (cache miss)
264 silly packumentCache full:https://registry.npmmirror.com/sshpk set size:24856 disposed:false
265 silly placeDep ROOT delayed-stream@1.0.0 OK for: combined-stream@1.0.8 want: ~1.0.0
266 silly placeDep ROOT asynckit@0.4.0 OK for: form-data@2.3.3 want: ^0.4.0
267 silly placeDep ROOT har-schema@2.0.0 OK for: har-validator@5.1.5 want: ^2.0.0
268 silly placeDep ROOT assert-plus@1.0.0 OK for: http-signature@1.2.0 want: ^1.0.0
269 silly placeDep ROOT jsprim@1.4.2 OK for: http-signature@1.2.0 want: ^1.2.2
270 silly placeDep ROOT sshpk@1.18.0 OK for: http-signature@1.2.0 want: ^1.7.0
271 silly fetch manifest extsprintf@1.3.0
272 silly packumentCache full:https://registry.npmmirror.com/extsprintf cache-miss
273 silly fetch manifest json-schema@0.4.0
274 silly packumentCache full:https://registry.npmmirror.com/json-schema cache-miss
275 silly fetch manifest verror@1.10.0
276 silly packumentCache full:https://registry.npmmirror.com/verror cache-miss
277 silly fetch manifest asn1@~0.2.3
278 silly packumentCache full:https://registry.npmmirror.com/asn1 cache-miss
279 silly fetch manifest dashdash@^1.12.0
280 silly packumentCache full:https://registry.npmmirror.com/dashdash cache-miss
281 silly fetch manifest getpass@^0.1.1
282 silly packumentCache full:https://registry.npmmirror.com/getpass cache-miss
283 silly fetch manifest safer-buffer@^2.0.2
284 silly packumentCache full:https://registry.npmmirror.com/safer-buffer cache-miss
285 http fetch GET 200 https://registry.npmmirror.com/extsprintf 17ms (cache miss)
286 silly packumentCache full:https://registry.npmmirror.com/extsprintf set size:4144 disposed:false
287 silly fetch manifest jsbn@~0.1.0
288 silly packumentCache full:https://registry.npmmirror.com/jsbn cache-miss
289 http fetch GET 200 https://registry.npmmirror.com/asn1 32ms (cache miss)
290 silly packumentCache full:https://registry.npmmirror.com/asn1 set size:5806 disposed:false
291 silly fetch manifest tweetnacl@~0.14.0
292 silly packumentCache full:https://registry.npmmirror.com/tweetnacl cache-miss
293 http fetch GET 200 https://registry.npmmirror.com/getpass 32ms (cache miss)
294 silly packumentCache full:https://registry.npmmirror.com/getpass set size:3354 disposed:false
295 silly fetch manifest ecc-jsbn@~0.1.1
296 silly packumentCache full:https://registry.npmmirror.com/ecc-jsbn cache-miss
297 http fetch GET 200 https://registry.npmmirror.com/json-schema 33ms (cache miss)
298 silly packumentCache full:https://registry.npmmirror.com/json-schema set size:2896 disposed:false
299 silly fetch manifest bcrypt-pbkdf@^1.0.0
300 silly packumentCache full:https://registry.npmmirror.com/bcrypt-pbkdf cache-miss
301 http fetch GET 200 https://registry.npmmirror.com/verror 34ms (cache miss)
302 silly packumentCache full:https://registry.npmmirror.com/verror set size:14769 disposed:false
303 http fetch GET 200 https://registry.npmmirror.com/jsbn 20ms (cache miss)
304 silly packumentCache full:https://registry.npmmirror.com/jsbn set size:2888 disposed:false
305 http fetch GET 200 https://registry.npmmirror.com/dashdash 43ms (cache miss)
306 silly packumentCache full:https://registry.npmmirror.com/dashdash set size:14960 disposed:false
307 http fetch GET 200 https://registry.npmmirror.com/ecc-jsbn 20ms (cache miss)
308 silly packumentCache full:https://registry.npmmirror.com/ecc-jsbn set size:2646 disposed:false
309 http fetch GET 200 https://registry.npmmirror.com/bcrypt-pbkdf 20ms (cache miss)
310 silly packumentCache full:https://registry.npmmirror.com/bcrypt-pbkdf set size:2512 disposed:false
311 http fetch GET 200 https://registry.npmmirror.com/tweetnacl 22ms (cache miss)
312 silly packumentCache full:https://registry.npmmirror.com/tweetnacl set size:14279 disposed:false
313 http fetch GET 200 https://registry.npmmirror.com/safer-buffer 84ms (cache miss)
314 silly packumentCache full:https://registry.npmmirror.com/safer-buffer set size:6036 disposed:false
315 silly placeDep ROOT extsprintf@1.3.0 OK for: jsprim@1.4.2 want: 1.3.0
316 silly placeDep ROOT json-schema@0.4.0 OK for: jsprim@1.4.2 want: 0.4.0
317 silly placeDep ROOT verror@1.10.0 OK for: jsprim@1.4.2 want: 1.10.0
318 silly fetch manifest core-util-is@1.0.2
319 silly packumentCache full:https://registry.npmmirror.com/core-util-is cache-miss
320 http fetch GET 200 https://registry.npmmirror.com/core-util-is 23ms (cache miss)
321 silly packumentCache full:https://registry.npmmirror.com/core-util-is set size:1796 disposed:false
322 silly placeDep ROOT asn1@0.2.6 OK for: sshpk@1.18.0 want: ~0.2.3
323 silly placeDep ROOT bcrypt-pbkdf@1.0.2 OK for: sshpk@1.18.0 want: ^1.0.0
324 silly placeDep ROOT dashdash@1.14.1 OK for: sshpk@1.18.0 want: ^1.12.0
325 silly placeDep ROOT ecc-jsbn@0.1.2 OK for: sshpk@1.18.0 want: ~0.1.1
326 silly placeDep ROOT getpass@0.1.7 OK for: sshpk@1.18.0 want: ^0.1.1
327 silly placeDep ROOT jsbn@0.1.1 OK for: sshpk@1.18.0 want: ~0.1.0
328 silly placeDep ROOT safer-buffer@2.1.2 OK for: sshpk@1.18.0 want: ^2.0.2
329 silly placeDep ROOT tweetnacl@0.14.5 OK for: sshpk@1.18.0 want: ~0.14.0
330 silly fetch manifest safer-buffer@~2.1.0
331 silly packumentCache full:https://registry.npmmirror.com/safer-buffer cache-hit
332 silly fetch manifest tweetnacl@^0.14.3
333 silly packumentCache full:https://registry.npmmirror.com/tweetnacl cache-hit
334 silly fetch manifest safer-buffer@^2.1.0
335 silly packumentCache full:https://registry.npmmirror.com/safer-buffer cache-hit
336 silly placeDep ROOT psl@1.15.0 OK for: tough-cookie@2.5.0 want: ^1.1.28
337 silly placeDep ROOT core-util-is@1.0.2 OK for: verror@1.10.0 want: 1.0.2
338 silly placeDep node_modules/ajv-formats json-schema-traverse@1.0.0 OK for: ajv@7.2.4 want: ^1.0.0
339 silly placeDep ROOT require-from-string@2.0.2 OK for: ajv@7.2.4 want: ^2.0.2
340 silly placeDep node_modules/conf json-schema-traverse@1.0.0 OK for: ajv@7.2.4 want: ^1.0.0
341 silly placeDep node_modules/pkg-up locate-path@3.0.0 OK for: find-up@3.0.0 want: ^3.0.0
342 silly fetch manifest p-locate@^3.0.0
343 silly packumentCache full:https://registry.npmmirror.com/p-locate cache-miss
344 silly fetch manifest path-exists@^3.0.0
345 silly packumentCache full:https://registry.npmmirror.com/path-exists cache-miss
346 http fetch GET 200 https://registry.npmmirror.com/path-exists 35ms (cache revalidated)
347 silly packumentCache full:https://registry.npmmirror.com/path-exists set size:11480 disposed:false
348 http fetch GET 200 https://registry.npmmirror.com/p-locate 36ms (cache revalidated)
349 silly packumentCache full:https://registry.npmmirror.com/p-locate set size:17694 disposed:false
350 silly placeDep node_modules/pkg-up p-locate@3.0.0 OK for: locate-path@3.0.0 want: ^3.0.0
351 silly placeDep node_modules/pkg-up path-exists@3.0.0 OK for: locate-path@3.0.0 want: ^3.0.0
352 silly fetch manifest p-limit@^2.0.0
353 silly packumentCache full:https://registry.npmmirror.com/p-limit cache-miss
354 http fetch GET 200 https://registry.npmmirror.com/p-limit 32ms (cache revalidated)
355 silly packumentCache full:https://registry.npmmirror.com/p-limit set size:51176 disposed:false
356 silly placeDep node_modules/pkg-up p-limit@2.3.0 OK for: p-locate@3.0.0 want: ^2.0.0
357 silly fetch manifest p-try@^2.0.0
358 silly packumentCache full:https://registry.npmmirror.com/p-try cache-miss
359 http fetch GET 200 https://registry.npmmirror.com/p-try 44ms (cache miss)
360 silly packumentCache full:https://registry.npmmirror.com/p-try set size:3142 disposed:false
361 silly placeDep ROOT p-try@2.2.0 OK for: p-limit@2.3.0 want: ^2.0.0
362 silly reify moves {}
363 verbose reify failed optional dependency /Users/jind/Desktop/Code/website/node_modules/@tailwindcss/oxide-wasm32-wasi
364 silly reify mark deleted [
364 silly reify   '/Users/jind/Desktop/Code/website/node_modules/@tailwindcss/oxide-wasm32-wasi'
364 silly reify ]
365 verbose reify failed optional dependency /Users/jind/Desktop/Code/website/node_modules/lightningcss-win32-x64-msvc
366 silly reify mark deleted [
366 silly reify   '/Users/jind/Desktop/Code/website/node_modules/lightningcss-win32-x64-msvc'
366 silly reify ]
367 verbose reify failed optional dependency /Users/jind/Desktop/Code/website/node_modules/lightningcss-win32-arm64-msvc
368 silly reify mark deleted [
368 silly reify   '/Users/jind/Desktop/Code/website/node_modules/lightningcss-win32-arm64-msvc'
368 silly reify ]
369 verbose reify failed optional dependency /Users/jind/Desktop/Code/website/node_modules/lightningcss-linux-x64-musl
370 silly reify mark deleted [
370 silly reify   '/Users/jind/Desktop/Code/website/node_modules/lightningcss-linux-x64-musl'
370 silly reify ]
371 verbose reify failed optional dependency /Users/jind/Desktop/Code/website/node_modules/lightningcss-linux-x64-gnu
372 silly reify mark deleted [
372 silly reify   '/Users/jind/Desktop/Code/website/node_modules/lightningcss-linux-x64-gnu'
372 silly reify ]
373 verbose reify failed optional dependency /Users/jind/Desktop/Code/website/node_modules/lightningcss-linux-arm64-musl
374 silly reify mark deleted [
374 silly reify   '/Users/jind/Desktop/Code/website/node_modules/lightningcss-linux-arm64-musl'
374 silly reify ]
375 verbose reify failed optional dependency /Users/jind/Desktop/Code/website/node_modules/lightningcss-linux-arm64-gnu
376 silly reify mark deleted [
376 silly reify   '/Users/jind/Desktop/Code/website/node_modules/lightningcss-linux-arm64-gnu'
376 silly reify ]
377 verbose reify failed optional dependency /Users/jind/Desktop/Code/website/node_modules/lightningcss-linux-arm-gnueabihf
378 silly reify mark deleted [
378 silly reify   '/Users/jind/Desktop/Code/website/node_modules/lightningcss-linux-arm-gnueabihf'
378 silly reify ]
379 verbose reify failed optional dependency /Users/jind/Desktop/Code/website/node_modules/lightningcss-freebsd-x64
380 silly reify mark deleted [
380 silly reify   '/Users/jind/Desktop/Code/website/node_modules/lightningcss-freebsd-x64'
380 silly reify ]
381 verbose reify failed optional dependency /Users/jind/Desktop/Code/website/node_modules/lightningcss-darwin-x64
382 silly reify mark deleted [
382 silly reify   '/Users/jind/Desktop/Code/website/node_modules/lightningcss-darwin-x64'
382 silly reify ]
383 verbose reify failed optional dependency /Users/jind/Desktop/Code/website/node_modules/lightningcss-android-arm64
384 silly reify mark deleted [
384 silly reify   '/Users/jind/Desktop/Code/website/node_modules/lightningcss-android-arm64'
384 silly reify ]
385 verbose reify failed optional dependency /Users/jind/Desktop/Code/website/node_modules/@unrs/resolver-binding-win32-x64-msvc
386 silly reify mark deleted [
386 silly reify   '/Users/jind/Desktop/Code/website/node_modules/@unrs/resolver-binding-win32-x64-msvc'
386 silly reify ]
387 verbose reify failed optional dependency /Users/jind/Desktop/Code/website/node_modules/@unrs/resolver-binding-win32-ia32-msvc
388 silly reify mark deleted [
388 silly reify   '/Users/jind/Desktop/Code/website/node_modules/@unrs/resolver-binding-win32-ia32-msvc'
388 silly reify ]
389 verbose reify failed optional dependency /Users/jind/Desktop/Code/website/node_modules/@unrs/resolver-binding-win32-arm64-msvc
390 silly reify mark deleted [
390 silly reify   '/Users/jind/Desktop/Code/website/node_modules/@unrs/resolver-binding-win32-arm64-msvc'
390 silly reify ]
391 verbose reify failed optional dependency /Users/jind/Desktop/Code/website/node_modules/@unrs/resolver-binding-wasm32-wasi
392 silly reify mark deleted [
392 silly reify   '/Users/jind/Desktop/Code/website/node_modules/@unrs/resolver-binding-wasm32-wasi'
392 silly reify ]
393 verbose reify failed optional dependency /Users/jind/Desktop/Code/website/node_modules/@unrs/resolver-binding-linux-x64-musl
394 silly reify mark deleted [
394 silly reify   '/Users/jind/Desktop/Code/website/node_modules/@unrs/resolver-binding-linux-x64-musl'
394 silly reify ]
395 verbose reify failed optional dependency /Users/jind/Desktop/Code/website/node_modules/@unrs/resolver-binding-linux-x64-gnu
396 silly reify mark deleted [
396 silly reify   '/Users/jind/Desktop/Code/website/node_modules/@unrs/resolver-binding-linux-x64-gnu'
396 silly reify ]
397 verbose reify failed optional dependency /Users/jind/Desktop/Code/website/node_modules/@unrs/resolver-binding-linux-s390x-gnu
398 silly reify mark deleted [
398 silly reify   '/Users/jind/Desktop/Code/website/node_modules/@unrs/resolver-binding-linux-s390x-gnu'
398 silly reify ]
399 verbose reify failed optional dependency /Users/jind/Desktop/Code/website/node_modules/@unrs/resolver-binding-linux-riscv64-musl
400 silly reify mark deleted [
400 silly reify   '/Users/jind/Desktop/Code/website/node_modules/@unrs/resolver-binding-linux-riscv64-musl'
400 silly reify ]
401 verbose reify failed optional dependency /Users/jind/Desktop/Code/website/node_modules/@unrs/resolver-binding-linux-riscv64-gnu
402 silly reify mark deleted [
402 silly reify   '/Users/jind/Desktop/Code/website/node_modules/@unrs/resolver-binding-linux-riscv64-gnu'
402 silly reify ]
403 verbose reify failed optional dependency /Users/jind/Desktop/Code/website/node_modules/@unrs/resolver-binding-linux-ppc64-gnu
404 silly reify mark deleted [
404 silly reify   '/Users/jind/Desktop/Code/website/node_modules/@unrs/resolver-binding-linux-ppc64-gnu'
404 silly reify ]
405 verbose reify failed optional dependency /Users/jind/Desktop/Code/website/node_modules/@unrs/resolver-binding-linux-arm64-musl
406 silly reify mark deleted [
406 silly reify   '/Users/jind/Desktop/Code/website/node_modules/@unrs/resolver-binding-linux-arm64-musl'
406 silly reify ]
407 verbose reify failed optional dependency /Users/jind/Desktop/Code/website/node_modules/@unrs/resolver-binding-linux-arm64-gnu
408 silly reify mark deleted [
408 silly reify   '/Users/jind/Desktop/Code/website/node_modules/@unrs/resolver-binding-linux-arm64-gnu'
408 silly reify ]
409 verbose reify failed optional dependency /Users/jind/Desktop/Code/website/node_modules/@unrs/resolver-binding-linux-arm-musleabihf
410 silly reify mark deleted [
410 silly reify   '/Users/jind/Desktop/Code/website/node_modules/@unrs/resolver-binding-linux-arm-musleabihf'
410 silly reify ]
411 verbose reify failed optional dependency /Users/jind/Desktop/Code/website/node_modules/@unrs/resolver-binding-linux-arm-gnueabihf
412 silly reify mark deleted [
412 silly reify   '/Users/jind/Desktop/Code/website/node_modules/@unrs/resolver-binding-linux-arm-gnueabihf'
412 silly reify ]
413 verbose reify failed optional dependency /Users/jind/Desktop/Code/website/node_modules/@unrs/resolver-binding-freebsd-x64
414 silly reify mark deleted [
414 silly reify   '/Users/jind/Desktop/Code/website/node_modules/@unrs/resolver-binding-freebsd-x64'
414 silly reify ]
415 verbose reify failed optional dependency /Users/jind/Desktop/Code/website/node_modules/@unrs/resolver-binding-darwin-x64
416 silly reify mark deleted [
416 silly reify   '/Users/jind/Desktop/Code/website/node_modules/@unrs/resolver-binding-darwin-x64'
416 silly reify ]
417 verbose reify failed optional dependency /Users/jind/Desktop/Code/website/node_modules/@unrs/resolver-binding-android-arm64
418 silly reify mark deleted [
418 silly reify   '/Users/jind/Desktop/Code/website/node_modules/@unrs/resolver-binding-android-arm64'
418 silly reify ]
419 verbose reify failed optional dependency /Users/jind/Desktop/Code/website/node_modules/@unrs/resolver-binding-android-arm-eabi
420 silly reify mark deleted [
420 silly reify   '/Users/jind/Desktop/Code/website/node_modules/@unrs/resolver-binding-android-arm-eabi'
420 silly reify ]
421 verbose reify failed optional dependency /Users/jind/Desktop/Code/website/node_modules/@tailwindcss/oxide-win32-x64-msvc
422 silly reify mark deleted [
422 silly reify   '/Users/jind/Desktop/Code/website/node_modules/@tailwindcss/oxide-win32-x64-msvc'
422 silly reify ]
423 verbose reify failed optional dependency /Users/jind/Desktop/Code/website/node_modules/@tailwindcss/oxide-win32-arm64-msvc
424 silly reify mark deleted [
424 silly reify   '/Users/jind/Desktop/Code/website/node_modules/@tailwindcss/oxide-win32-arm64-msvc'
424 silly reify ]
425 verbose reify failed optional dependency /Users/jind/Desktop/Code/website/node_modules/@tailwindcss/oxide-linux-x64-musl
426 silly reify mark deleted [
426 silly reify   '/Users/jind/Desktop/Code/website/node_modules/@tailwindcss/oxide-linux-x64-musl'
426 silly reify ]
427 verbose reify failed optional dependency /Users/jind/Desktop/Code/website/node_modules/@tailwindcss/oxide-linux-x64-gnu
428 silly reify mark deleted [
428 silly reify   '/Users/jind/Desktop/Code/website/node_modules/@tailwindcss/oxide-linux-x64-gnu'
428 silly reify ]
429 verbose reify failed optional dependency /Users/jind/Desktop/Code/website/node_modules/@tailwindcss/oxide-linux-arm64-musl
430 silly reify mark deleted [
430 silly reify   '/Users/jind/Desktop/Code/website/node_modules/@tailwindcss/oxide-linux-arm64-musl'
430 silly reify ]
431 verbose reify failed optional dependency /Users/jind/Desktop/Code/website/node_modules/@tailwindcss/oxide-linux-arm64-gnu
432 silly reify mark deleted [
432 silly reify   '/Users/jind/Desktop/Code/website/node_modules/@tailwindcss/oxide-linux-arm64-gnu'
432 silly reify ]
433 verbose reify failed optional dependency /Users/jind/Desktop/Code/website/node_modules/@tailwindcss/oxide-linux-arm-gnueabihf
434 silly reify mark deleted [
434 silly reify   '/Users/jind/Desktop/Code/website/node_modules/@tailwindcss/oxide-linux-arm-gnueabihf'
434 silly reify ]
435 verbose reify failed optional dependency /Users/jind/Desktop/Code/website/node_modules/@tailwindcss/oxide-freebsd-x64
436 silly reify mark deleted [
436 silly reify   '/Users/jind/Desktop/Code/website/node_modules/@tailwindcss/oxide-freebsd-x64'
436 silly reify ]
437 verbose reify failed optional dependency /Users/jind/Desktop/Code/website/node_modules/@tailwindcss/oxide-darwin-x64
438 silly reify mark deleted [
438 silly reify   '/Users/jind/Desktop/Code/website/node_modules/@tailwindcss/oxide-darwin-x64'
438 silly reify ]
439 verbose reify failed optional dependency /Users/jind/Desktop/Code/website/node_modules/@tailwindcss/oxide-android-arm64
440 silly reify mark deleted [
440 silly reify   '/Users/jind/Desktop/Code/website/node_modules/@tailwindcss/oxide-android-arm64'
440 silly reify ]
441 verbose reify failed optional dependency /Users/jind/Desktop/Code/website/node_modules/@next/swc-win32-x64-msvc
442 silly reify mark deleted [
442 silly reify   '/Users/jind/Desktop/Code/website/node_modules/@next/swc-win32-x64-msvc'
442 silly reify ]
443 verbose reify failed optional dependency /Users/jind/Desktop/Code/website/node_modules/@next/swc-win32-arm64-msvc
444 silly reify mark deleted [
444 silly reify   '/Users/jind/Desktop/Code/website/node_modules/@next/swc-win32-arm64-msvc'
444 silly reify ]
445 verbose reify failed optional dependency /Users/jind/Desktop/Code/website/node_modules/@next/swc-linux-x64-musl
446 silly reify mark deleted [
446 silly reify   '/Users/jind/Desktop/Code/website/node_modules/@next/swc-linux-x64-musl'
446 silly reify ]
447 verbose reify failed optional dependency /Users/jind/Desktop/Code/website/node_modules/@next/swc-linux-x64-gnu
448 silly reify mark deleted [
448 silly reify   '/Users/jind/Desktop/Code/website/node_modules/@next/swc-linux-x64-gnu'
448 silly reify ]
449 verbose reify failed optional dependency /Users/jind/Desktop/Code/website/node_modules/@next/swc-linux-arm64-musl
450 silly reify mark deleted [
450 silly reify   '/Users/jind/Desktop/Code/website/node_modules/@next/swc-linux-arm64-musl'
450 silly reify ]
451 verbose reify failed optional dependency /Users/jind/Desktop/Code/website/node_modules/@next/swc-linux-arm64-gnu
452 silly reify mark deleted [
452 silly reify   '/Users/jind/Desktop/Code/website/node_modules/@next/swc-linux-arm64-gnu'
452 silly reify ]
453 verbose reify failed optional dependency /Users/jind/Desktop/Code/website/node_modules/@next/swc-darwin-x64
454 silly reify mark deleted [
454 silly reify   '/Users/jind/Desktop/Code/website/node_modules/@next/swc-darwin-x64'
454 silly reify ]
455 verbose reify failed optional dependency /Users/jind/Desktop/Code/website/node_modules/@img/sharp-win32-x64
456 silly reify mark deleted [
456 silly reify   '/Users/jind/Desktop/Code/website/node_modules/@img/sharp-win32-x64'
456 silly reify ]
457 verbose reify failed optional dependency /Users/jind/Desktop/Code/website/node_modules/@img/sharp-win32-ia32
458 silly reify mark deleted [
458 silly reify   '/Users/jind/Desktop/Code/website/node_modules/@img/sharp-win32-ia32'
458 silly reify ]
459 verbose reify failed optional dependency /Users/jind/Desktop/Code/website/node_modules/@img/sharp-win32-arm64
460 silly reify mark deleted [
460 silly reify   '/Users/jind/Desktop/Code/website/node_modules/@img/sharp-win32-arm64'
460 silly reify ]
461 verbose reify failed optional dependency /Users/jind/Desktop/Code/website/node_modules/@img/sharp-wasm32
462 silly reify mark deleted [ '/Users/jind/Desktop/Code/website/node_modules/@img/sharp-wasm32' ]
463 verbose reify failed optional dependency /Users/jind/Desktop/Code/website/node_modules/@img/sharp-linuxmusl-x64
464 silly reify mark deleted [
464 silly reify   '/Users/jind/Desktop/Code/website/node_modules/@img/sharp-linuxmusl-x64'
464 silly reify ]
465 verbose reify failed optional dependency /Users/jind/Desktop/Code/website/node_modules/@img/sharp-linuxmusl-arm64
466 silly reify mark deleted [
466 silly reify   '/Users/jind/Desktop/Code/website/node_modules/@img/sharp-linuxmusl-arm64'
466 silly reify ]
467 verbose reify failed optional dependency /Users/jind/Desktop/Code/website/node_modules/@img/sharp-linux-x64
468 silly reify mark deleted [
468 silly reify   '/Users/jind/Desktop/Code/website/node_modules/@img/sharp-linux-x64'
468 silly reify ]
469 verbose reify failed optional dependency /Users/jind/Desktop/Code/website/node_modules/@img/sharp-linux-s390x
470 silly reify mark deleted [
470 silly reify   '/Users/jind/Desktop/Code/website/node_modules/@img/sharp-linux-s390x'
470 silly reify ]
471 verbose reify failed optional dependency /Users/jind/Desktop/Code/website/node_modules/@img/sharp-linux-riscv64
472 silly reify mark deleted [
472 silly reify   '/Users/jind/Desktop/Code/website/node_modules/@img/sharp-linux-riscv64'
472 silly reify ]
473 verbose reify failed optional dependency /Users/jind/Desktop/Code/website/node_modules/@img/sharp-linux-ppc64
474 silly reify mark deleted [
474 silly reify   '/Users/jind/Desktop/Code/website/node_modules/@img/sharp-linux-ppc64'
474 silly reify ]
475 verbose reify failed optional dependency /Users/jind/Desktop/Code/website/node_modules/@img/sharp-linux-arm64
476 silly reify mark deleted [
476 silly reify   '/Users/jind/Desktop/Code/website/node_modules/@img/sharp-linux-arm64'
476 silly reify ]
477 verbose reify failed optional dependency /Users/jind/Desktop/Code/website/node_modules/@img/sharp-linux-arm
478 silly reify mark deleted [
478 silly reify   '/Users/jind/Desktop/Code/website/node_modules/@img/sharp-linux-arm'
478 silly reify ]
479 verbose reify failed optional dependency /Users/jind/Desktop/Code/website/node_modules/@img/sharp-libvips-linuxmusl-x64
480 silly reify mark deleted [
480 silly reify   '/Users/jind/Desktop/Code/website/node_modules/@img/sharp-libvips-linuxmusl-x64'
480 silly reify ]
481 verbose reify failed optional dependency /Users/jind/Desktop/Code/website/node_modules/@img/sharp-libvips-linuxmusl-arm64
482 silly reify mark deleted [
482 silly reify   '/Users/jind/Desktop/Code/website/node_modules/@img/sharp-libvips-linuxmusl-arm64'
482 silly reify ]
483 verbose reify failed optional dependency /Users/jind/Desktop/Code/website/node_modules/@img/sharp-libvips-linux-x64
484 silly reify mark deleted [
484 silly reify   '/Users/jind/Desktop/Code/website/node_modules/@img/sharp-libvips-linux-x64'
484 silly reify ]
485 verbose reify failed optional dependency /Users/jind/Desktop/Code/website/node_modules/@img/sharp-libvips-linux-s390x
486 silly reify mark deleted [
486 silly reify   '/Users/jind/Desktop/Code/website/node_modules/@img/sharp-libvips-linux-s390x'
486 silly reify ]
487 verbose reify failed optional dependency /Users/jind/Desktop/Code/website/node_modules/@img/sharp-libvips-linux-riscv64
488 silly reify mark deleted [
488 silly reify   '/Users/jind/Desktop/Code/website/node_modules/@img/sharp-libvips-linux-riscv64'
488 silly reify ]
489 verbose reify failed optional dependency /Users/jind/Desktop/Code/website/node_modules/@img/sharp-libvips-linux-ppc64
490 silly reify mark deleted [
490 silly reify   '/Users/jind/Desktop/Code/website/node_modules/@img/sharp-libvips-linux-ppc64'
490 silly reify ]
491 verbose reify failed optional dependency /Users/jind/Desktop/Code/website/node_modules/@img/sharp-libvips-linux-arm64
492 silly reify mark deleted [
492 silly reify   '/Users/jind/Desktop/Code/website/node_modules/@img/sharp-libvips-linux-arm64'
492 silly reify ]
493 verbose reify failed optional dependency /Users/jind/Desktop/Code/website/node_modules/@img/sharp-libvips-linux-arm
494 silly reify mark deleted [
494 silly reify   '/Users/jind/Desktop/Code/website/node_modules/@img/sharp-libvips-linux-arm'
494 silly reify ]
495 verbose reify failed optional dependency /Users/jind/Desktop/Code/website/node_modules/@img/sharp-libvips-darwin-x64
496 silly reify mark deleted [
496 silly reify   '/Users/jind/Desktop/Code/website/node_modules/@img/sharp-libvips-darwin-x64'
496 silly reify ]
497 verbose reify failed optional dependency /Users/jind/Desktop/Code/website/node_modules/@img/sharp-darwin-x64
498 silly reify mark deleted [
498 silly reify   '/Users/jind/Desktop/Code/website/node_modules/@img/sharp-darwin-x64'
498 silly reify ]
499 http cache p-try@https://registry.npmmirror.com/p-try/-/p-try-2.2.0.tgz 0ms (cache hit)
500 http cache core-util-is@https://registry.npmmirror.com/core-util-is/-/core-util-is-1.0.2.tgz 0ms (cache hit)
501 http cache tweetnacl@https://registry.npmmirror.com/tweetnacl/-/tweetnacl-0.14.5.tgz 0ms (cache hit)
502 http cache psl@https://registry.npmmirror.com/psl/-/psl-1.15.0.tgz 0ms (cache hit)
503 http cache getpass@https://registry.npmmirror.com/getpass/-/getpass-0.1.7.tgz 0ms (cache hit)
504 http cache require-from-string@https://registry.npmmirror.com/require-from-string/-/require-from-string-2.0.2.tgz 0ms (cache hit)
505 http cache ecc-jsbn@https://registry.npmmirror.com/ecc-jsbn/-/ecc-jsbn-0.1.2.tgz 0ms (cache hit)
506 http cache jsbn@https://registry.npmmirror.com/jsbn/-/jsbn-0.1.1.tgz 0ms (cache hit)
507 http cache dashdash@https://registry.npmmirror.com/dashdash/-/dashdash-1.14.1.tgz 0ms (cache hit)
508 http cache verror@https://registry.npmmirror.com/verror/-/verror-1.10.0.tgz 0ms (cache hit)
509 http cache asn1@https://registry.npmmirror.com/asn1/-/asn1-0.2.6.tgz 0ms (cache hit)
510 http cache json-schema@https://registry.npmmirror.com/json-schema/-/json-schema-0.4.0.tgz 0ms (cache hit)
511 http cache extsprintf@https://registry.npmmirror.com/extsprintf/-/extsprintf-1.3.0.tgz 0ms (cache hit)
512 http cache sshpk@https://registry.npmmirror.com/sshpk/-/sshpk-1.18.0.tgz 0ms (cache hit)
513 http cache safer-buffer@https://registry.npmmirror.com/safer-buffer/-/safer-buffer-2.1.2.tgz 0ms (cache hit)
514 http cache jsprim@https://registry.npmmirror.com/jsprim/-/jsprim-1.4.2.tgz 0ms (cache hit)
515 http cache asynckit@https://registry.npmmirror.com/asynckit/-/asynckit-0.4.0.tgz 0ms (cache hit)
516 http cache har-schema@https://registry.npmmirror.com/har-schema/-/har-schema-2.0.0.tgz 0ms (cache hit)
517 http cache delayed-stream@https://registry.npmmirror.com/delayed-stream/-/delayed-stream-1.0.0.tgz 0ms (cache hit)
518 http cache uuid@https://registry.npmmirror.com/uuid/-/uuid-3.4.0.tgz 0ms (cache hit)
519 http cache assert-plus@https://registry.npmmirror.com/assert-plus/-/assert-plus-1.0.0.tgz 0ms (cache hit)
520 http cache tunnel-agent@https://registry.npmmirror.com/tunnel-agent/-/tunnel-agent-0.6.0.tgz 0ms (cache hit)
521 http cache tough-cookie@https://registry.npmmirror.com/tough-cookie/-/tough-cookie-2.5.0.tgz 0ms (cache hit)
522 http cache safe-buffer@https://registry.npmmirror.com/safe-buffer/-/safe-buffer-5.2.1.tgz 0ms (cache hit)
523 http cache qs@https://registry.npmmirror.com/qs/-/qs-6.5.5.tgz 0ms (cache hit)
524 http cache performance-now@https://registry.npmmirror.com/performance-now/-/performance-now-2.1.0.tgz 0ms (cache hit)
525 http cache oauth-sign@https://registry.npmmirror.com/oauth-sign/-/oauth-sign-0.9.0.tgz 0ms (cache hit)
526 http cache json-stringify-safe@https://registry.npmmirror.com/json-stringify-safe/-/json-stringify-safe-5.0.1.tgz 0ms (cache hit)
527 http cache isstream@https://registry.npmmirror.com/isstream/-/isstream-0.1.2.tgz 0ms (cache hit)
528 http cache is-typedarray@https://registry.npmmirror.com/is-typedarray/-/is-typedarray-1.0.0.tgz 0ms (cache hit)
529 http cache http-signature@https://registry.npmmirror.com/http-signature/-/http-signature-1.2.0.tgz 0ms (cache hit)
530 http cache har-validator@https://registry.npmmirror.com/har-validator/-/har-validator-5.1.5.tgz 0ms (cache hit)
531 http cache form-data@https://registry.npmmirror.com/form-data/-/form-data-2.3.3.tgz 0ms (cache hit)
532 http cache forever-agent@https://registry.npmmirror.com/forever-agent/-/forever-agent-0.6.1.tgz 0ms (cache hit)
533 http cache extend@https://registry.npmmirror.com/extend/-/extend-3.0.2.tgz 0ms (cache hit)
534 http cache combined-stream@https://registry.npmmirror.com/combined-stream/-/combined-stream-1.0.8.tgz 0ms (cache hit)
535 http cache caseless@https://registry.npmmirror.com/caseless/-/caseless-0.12.0.tgz 0ms (cache hit)
536 http cache aws4@https://registry.npmmirror.com/aws4/-/aws4-1.13.2.tgz 0ms (cache hit)
537 http cache mime-db@https://registry.npmmirror.com/mime-db/-/mime-db-1.52.0.tgz 0ms (cache hit)
538 http cache aws-sign2@https://registry.npmmirror.com/aws-sign2/-/aws-sign2-0.7.0.tgz 0ms (cache hit)
539 http cache strnum@https://registry.npmmirror.com/strnum/-/strnum-1.1.2.tgz 0ms (cache hit)
540 http cache is-obj@https://registry.npmmirror.com/is-obj/-/is-obj-2.0.0.tgz 0ms (cache hit)
541 http cache pkg-up@https://registry.npmmirror.com/pkg-up/-/pkg-up-3.1.0.tgz 0ms (cache hit)
542 http cache bcrypt-pbkdf@https://registry.npmmirror.com/bcrypt-pbkdf/-/bcrypt-pbkdf-1.0.2.tgz 0ms (cache hit)
543 http cache onetime@https://registry.npmmirror.com/onetime/-/onetime-5.1.2.tgz 0ms (cache hit)
544 http cache json-schema-typed@https://registry.npmmirror.com/json-schema-typed/-/json-schema-typed-7.0.3.tgz 0ms (cache hit)
545 http cache env-paths@https://registry.npmmirror.com/env-paths/-/env-paths-2.2.1.tgz 0ms (cache hit)
546 http cache dot-prop@https://registry.npmmirror.com/dot-prop/-/dot-prop-6.0.1.tgz 0ms (cache hit)
547 http cache debounce-fn@https://registry.npmmirror.com/debounce-fn/-/debounce-fn-4.0.0.tgz 0ms (cache hit)
548 http cache atomically@https://registry.npmmirror.com/atomically/-/atomically-1.7.0.tgz 0ms (cache hit)
549 http cache ajv-formats@https://registry.npmmirror.com/ajv-formats/-/ajv-formats-1.6.1.tgz 0ms (cache hit)
550 http cache make-dir@https://registry.npmmirror.com/make-dir/-/make-dir-3.1.0.tgz 0ms (cache hit)
551 http cache request@https://registry.npmmirror.com/request/-/request-2.88.2.tgz 0ms (cache hit)
552 http cache mime-types@https://registry.npmmirror.com/mime-types/-/mime-types-2.1.35.tgz 0ms (cache hit)
553 http cache mimic-fn@https://registry.npmmirror.com/mimic-fn/-/mimic-fn-3.1.0.tgz 0ms (cache hit)
554 http cache cos-nodejs-sdk-v5@https://registry.npmmirror.com/cos-nodejs-sdk-v5/-/cos-nodejs-sdk-v5-2.15.4.tgz 0ms (cache hit)
555 http cache locate-path@https://registry.npmmirror.com/locate-path/-/locate-path-3.0.0.tgz 0ms (cache hit)
556 http cache path-exists@https://registry.npmmirror.com/path-exists/-/path-exists-3.0.0.tgz 0ms (cache hit)
557 http cache find-up@https://registry.npmmirror.com/find-up/-/find-up-3.0.0.tgz 0ms (cache hit)
558 http cache p-locate@https://registry.npmmirror.com/p-locate/-/p-locate-3.0.0.tgz 0ms (cache hit)
559 http cache p-limit@https://registry.npmmirror.com/p-limit/-/p-limit-2.3.0.tgz 0ms (cache hit)
560 http cache mimic-fn@https://registry.npmmirror.com/mimic-fn/-/mimic-fn-2.1.0.tgz 0ms (cache hit)
561 http cache json-schema-traverse@https://registry.npmmirror.com/json-schema-traverse/-/json-schema-traverse-1.0.0.tgz 0ms (cache hit)
562 http cache json-schema-traverse@https://registry.npmmirror.com/json-schema-traverse/-/json-schema-traverse-1.0.0.tgz 0ms (cache hit)
563 http cache semver@https://registry.npmmirror.com/semver/-/semver-7.8.0.tgz 0ms (cache hit)
564 http cache ajv@https://registry.npmmirror.com/ajv/-/ajv-7.2.4.tgz 0ms (cache hit)
565 http cache ajv@https://registry.npmmirror.com/ajv/-/ajv-7.2.4.tgz 0ms (cache hit)
566 http cache fast-xml-parser@https://registry.npmmirror.com/fast-xml-parser/-/fast-xml-parser-4.2.5.tgz 0ms (cache hit)
567 http cache conf@https://registry.npmmirror.com/conf/-/conf-9.0.2.tgz 0ms (cache hit)
568 silly tarball no local data for p-try@https://registry.npmmirror.com/p-try/-/p-try-2.2.0.tgz. Extracting by manifest.
569 silly tarball no local data for core-util-is@https://registry.npmmirror.com/core-util-is/-/core-util-is-1.0.2.tgz. Extracting by manifest.
570 silly tarball no local data for tweetnacl@https://registry.npmmirror.com/tweetnacl/-/tweetnacl-0.14.5.tgz. Extracting by manifest.
571 silly tarball no local data for psl@https://registry.npmmirror.com/psl/-/psl-1.15.0.tgz. Extracting by manifest.
572 silly tarball no local data for getpass@https://registry.npmmirror.com/getpass/-/getpass-0.1.7.tgz. Extracting by manifest.
573 silly tarball no local data for require-from-string@https://registry.npmmirror.com/require-from-string/-/require-from-string-2.0.2.tgz. Extracting by manifest.
574 silly tarball no local data for ecc-jsbn@https://registry.npmmirror.com/ecc-jsbn/-/ecc-jsbn-0.1.2.tgz. Extracting by manifest.
575 silly tarball no local data for jsbn@https://registry.npmmirror.com/jsbn/-/jsbn-0.1.1.tgz. Extracting by manifest.
576 silly tarball no local data for dashdash@https://registry.npmmirror.com/dashdash/-/dashdash-1.14.1.tgz. Extracting by manifest.
577 silly tarball no local data for verror@https://registry.npmmirror.com/verror/-/verror-1.10.0.tgz. Extracting by manifest.
578 silly tarball no local data for asn1@https://registry.npmmirror.com/asn1/-/asn1-0.2.6.tgz. Extracting by manifest.
579 silly tarball no local data for json-schema@https://registry.npmmirror.com/json-schema/-/json-schema-0.4.0.tgz. Extracting by manifest.
580 silly tarball no local data for extsprintf@https://registry.npmmirror.com/extsprintf/-/extsprintf-1.3.0.tgz. Extracting by manifest.
581 silly tarball no local data for sshpk@https://registry.npmmirror.com/sshpk/-/sshpk-1.18.0.tgz. Extracting by manifest.
582 silly tarball no local data for safer-buffer@https://registry.npmmirror.com/safer-buffer/-/safer-buffer-2.1.2.tgz. Extracting by manifest.
583 silly tarball no local data for jsprim@https://registry.npmmirror.com/jsprim/-/jsprim-1.4.2.tgz. Extracting by manifest.
584 silly tarball no local data for asynckit@https://registry.npmmirror.com/asynckit/-/asynckit-0.4.0.tgz. Extracting by manifest.
585 silly tarball no local data for har-schema@https://registry.npmmirror.com/har-schema/-/har-schema-2.0.0.tgz. Extracting by manifest.
586 silly tarball no local data for delayed-stream@https://registry.npmmirror.com/delayed-stream/-/delayed-stream-1.0.0.tgz. Extracting by manifest.
587 silly tarball no local data for uuid@https://registry.npmmirror.com/uuid/-/uuid-3.4.0.tgz. Extracting by manifest.
588 silly tarball no local data for assert-plus@https://registry.npmmirror.com/assert-plus/-/assert-plus-1.0.0.tgz. Extracting by manifest.
589 silly tarball no local data for tunnel-agent@https://registry.npmmirror.com/tunnel-agent/-/tunnel-agent-0.6.0.tgz. Extracting by manifest.
590 silly tarball no local data for tough-cookie@https://registry.npmmirror.com/tough-cookie/-/tough-cookie-2.5.0.tgz. Extracting by manifest.
591 silly tarball no local data for safe-buffer@https://registry.npmmirror.com/safe-buffer/-/safe-buffer-5.2.1.tgz. Extracting by manifest.
592 silly tarball no local data for qs@https://registry.npmmirror.com/qs/-/qs-6.5.5.tgz. Extracting by manifest.
593 silly tarball no local data for performance-now@https://registry.npmmirror.com/performance-now/-/performance-now-2.1.0.tgz. Extracting by manifest.
594 silly tarball no local data for oauth-sign@https://registry.npmmirror.com/oauth-sign/-/oauth-sign-0.9.0.tgz. Extracting by manifest.
595 silly tarball no local data for json-stringify-safe@https://registry.npmmirror.com/json-stringify-safe/-/json-stringify-safe-5.0.1.tgz. Extracting by manifest.
596 silly tarball no local data for isstream@https://registry.npmmirror.com/isstream/-/isstream-0.1.2.tgz. Extracting by manifest.
597 silly tarball no local data for is-typedarray@https://registry.npmmirror.com/is-typedarray/-/is-typedarray-1.0.0.tgz. Extracting by manifest.
598 silly tarball no local data for http-signature@https://registry.npmmirror.com/http-signature/-/http-signature-1.2.0.tgz. Extracting by manifest.
599 silly tarball no local data for har-validator@https://registry.npmmirror.com/har-validator/-/har-validator-5.1.5.tgz. Extracting by manifest.
600 silly tarball no local data for form-data@https://registry.npmmirror.com/form-data/-/form-data-2.3.3.tgz. Extracting by manifest.
601 silly tarball no local data for forever-agent@https://registry.npmmirror.com/forever-agent/-/forever-agent-0.6.1.tgz. Extracting by manifest.
602 silly tarball no local data for extend@https://registry.npmmirror.com/extend/-/extend-3.0.2.tgz. Extracting by manifest.
603 silly tarball no local data for combined-stream@https://registry.npmmirror.com/combined-stream/-/combined-stream-1.0.8.tgz. Extracting by manifest.
604 silly tarball no local data for caseless@https://registry.npmmirror.com/caseless/-/caseless-0.12.0.tgz. Extracting by manifest.
605 silly tarball no local data for aws4@https://registry.npmmirror.com/aws4/-/aws4-1.13.2.tgz. Extracting by manifest.
606 silly tarball no local data for mime-db@https://registry.npmmirror.com/mime-db/-/mime-db-1.52.0.tgz. Extracting by manifest.
607 silly tarball no local data for aws-sign2@https://registry.npmmirror.com/aws-sign2/-/aws-sign2-0.7.0.tgz. Extracting by manifest.
608 silly tarball no local data for strnum@https://registry.npmmirror.com/strnum/-/strnum-1.1.2.tgz. Extracting by manifest.
609 silly tarball no local data for is-obj@https://registry.npmmirror.com/is-obj/-/is-obj-2.0.0.tgz. Extracting by manifest.
610 silly tarball no local data for pkg-up@https://registry.npmmirror.com/pkg-up/-/pkg-up-3.1.0.tgz. Extracting by manifest.
611 silly tarball no local data for bcrypt-pbkdf@https://registry.npmmirror.com/bcrypt-pbkdf/-/bcrypt-pbkdf-1.0.2.tgz. Extracting by manifest.
612 silly tarball no local data for onetime@https://registry.npmmirror.com/onetime/-/onetime-5.1.2.tgz. Extracting by manifest.
613 silly tarball no local data for json-schema-typed@https://registry.npmmirror.com/json-schema-typed/-/json-schema-typed-7.0.3.tgz. Extracting by manifest.
614 silly tarball no local data for env-paths@https://registry.npmmirror.com/env-paths/-/env-paths-2.2.1.tgz. Extracting by manifest.
615 silly tarball no local data for dot-prop@https://registry.npmmirror.com/dot-prop/-/dot-prop-6.0.1.tgz. Extracting by manifest.
616 silly tarball no local data for debounce-fn@https://registry.npmmirror.com/debounce-fn/-/debounce-fn-4.0.0.tgz. Extracting by manifest.
617 silly tarball no local data for atomically@https://registry.npmmirror.com/atomically/-/atomically-1.7.0.tgz. Extracting by manifest.
618 silly tarball no local data for ajv-formats@https://registry.npmmirror.com/ajv-formats/-/ajv-formats-1.6.1.tgz. Extracting by manifest.
619 silly tarball no local data for make-dir@https://registry.npmmirror.com/make-dir/-/make-dir-3.1.0.tgz. Extracting by manifest.
620 silly tarball no local data for request@https://registry.npmmirror.com/request/-/request-2.88.2.tgz. Extracting by manifest.
621 silly tarball no local data for mime-types@https://registry.npmmirror.com/mime-types/-/mime-types-2.1.35.tgz. Extracting by manifest.
622 silly tarball no local data for mimic-fn@https://registry.npmmirror.com/mimic-fn/-/mimic-fn-3.1.0.tgz. Extracting by manifest.
623 silly tarball no local data for cos-nodejs-sdk-v5@https://registry.npmmirror.com/cos-nodejs-sdk-v5/-/cos-nodejs-sdk-v5-2.15.4.tgz. Extracting by manifest.
624 silly tarball no local data for locate-path@https://registry.npmmirror.com/locate-path/-/locate-path-3.0.0.tgz. Extracting by manifest.
625 silly tarball no local data for path-exists@https://registry.npmmirror.com/path-exists/-/path-exists-3.0.0.tgz. Extracting by manifest.
626 silly tarball no local data for find-up@https://registry.npmmirror.com/find-up/-/find-up-3.0.0.tgz. Extracting by manifest.
627 silly tarball no local data for p-locate@https://registry.npmmirror.com/p-locate/-/p-locate-3.0.0.tgz. Extracting by manifest.
628 silly tarball no local data for p-limit@https://registry.npmmirror.com/p-limit/-/p-limit-2.3.0.tgz. Extracting by manifest.
629 silly tarball no local data for mimic-fn@https://registry.npmmirror.com/mimic-fn/-/mimic-fn-2.1.0.tgz. Extracting by manifest.
630 silly tarball no local data for json-schema-traverse@https://registry.npmmirror.com/json-schema-traverse/-/json-schema-traverse-1.0.0.tgz. Extracting by manifest.
631 silly tarball no local data for json-schema-traverse@https://registry.npmmirror.com/json-schema-traverse/-/json-schema-traverse-1.0.0.tgz. Extracting by manifest.
632 silly tarball no local data for ajv@https://registry.npmmirror.com/ajv/-/ajv-7.2.4.tgz. Extracting by manifest.
633 silly tarball no local data for ajv@https://registry.npmmirror.com/ajv/-/ajv-7.2.4.tgz. Extracting by manifest.
634 silly tarball no local data for fast-xml-parser@https://registry.npmmirror.com/fast-xml-parser/-/fast-xml-parser-4.2.5.tgz. Extracting by manifest.
635 silly tarball no local data for conf@https://registry.npmmirror.com/conf/-/conf-9.0.2.tgz. Extracting by manifest.
636 http fetch GET 200 https://cdn.npmmirror.com/packages/getpass/0.1.7/getpass-0.1.7.tgz 158ms (cache miss)
637 http fetch GET 200 https://cdn.npmmirror.com/packages/p-try/2.2.0/p-try-2.2.0.tgz 254ms (cache miss)
638 http fetch GET 200 https://cdn.npmmirror.com/packages/core-util-is/1.0.2/core-util-is-1.0.2.tgz 268ms (cache miss)
639 http fetch GET 200 https://cdn.npmmirror.com/packages/delayed-stream/1.0.0/delayed-stream-1.0.0.tgz 283ms (cache miss)
640 http fetch GET 200 https://cdn.npmmirror.com/packages/verror/1.10.0/verror-1.10.0.tgz 284ms (cache miss)
641 http fetch GET 200 https://cdn.npmmirror.com/packages/json-schema/0.4.0/json-schema-0.4.0.tgz 284ms (cache miss)
642 http fetch GET 200 https://cdn.npmmirror.com/packages/jsbn/0.1.1/jsbn-0.1.1.tgz 285ms (cache miss)
643 http fetch GET 200 https://cdn.npmmirror.com/packages/jsprim/1.4.2/jsprim-1.4.2.tgz 292ms (cache miss)
644 http fetch GET 200 https://cdn.npmmirror.com/packages/ecc-jsbn/0.1.2/ecc-jsbn-0.1.2.tgz 294ms (cache miss)
645 http fetch GET 200 https://cdn.npmmirror.com/packages/asn1/0.2.6/asn1-0.2.6.tgz 296ms (cache miss)
646 http fetch GET 200 https://cdn.npmmirror.com/packages/har-schema/2.0.0/har-schema-2.0.0.tgz 296ms (cache miss)
647 http fetch GET 200 https://cdn.npmmirror.com/packages/extsprintf/1.3.0/extsprintf-1.3.0.tgz 296ms (cache miss)
648 http fetch GET 200 https://cdn.npmmirror.com/packages/require-from-string/2.0.2/require-from-string-2.0.2.tgz 297ms (cache miss)
649 http fetch GET 200 https://cdn.npmmirror.com/packages/performance-now/2.1.0/performance-now-2.1.0.tgz 301ms (cache miss)
650 http fetch GET 200 https://cdn.npmmirror.com/packages/dashdash/1.14.1/dashdash-1.14.1.tgz 305ms (cache miss)
651 http fetch GET 200 https://cdn.npmmirror.com/packages/assert-plus/1.0.0/assert-plus-1.0.0.tgz 303ms (cache miss)
652 http fetch GET 200 https://cdn.npmmirror.com/packages/oauth-sign/0.9.0/oauth-sign-0.9.0.tgz 303ms (cache miss)
653 http fetch GET 200 https://cdn.npmmirror.com/packages/tunnel-agent/0.6.0/tunnel-agent-0.6.0.tgz 303ms (cache miss)
654 http fetch GET 200 https://cdn.npmmirror.com/packages/tough-cookie/2.5.0/tough-cookie-2.5.0.tgz 319ms (cache miss)
655 http fetch GET 200 https://cdn.npmmirror.com/packages/is-typedarray/1.0.0/is-typedarray-1.0.0.tgz 326ms (cache miss)
656 http fetch GET 200 https://cdn.npmmirror.com/packages/json-stringify-safe/5.0.1/json-stringify-safe-5.0.1.tgz 330ms (cache miss)
657 http fetch GET 200 https://cdn.npmmirror.com/packages/har-validator/5.1.5/har-validator-5.1.5.tgz 329ms (cache miss)
658 warn deprecated har-validator@5.1.5: this library is no longer supported
659 http fetch GET 200 https://cdn.npmmirror.com/packages/forever-agent/0.6.1/forever-agent-0.6.1.tgz 330ms (cache miss)
660 http fetch GET 200 https://cdn.npmmirror.com/packages/safe-buffer/5.2.1/safe-buffer-5.2.1.tgz 331ms (cache miss)
661 http fetch GET 200 https://cdn.npmmirror.com/packages/asynckit/0.4.0/asynckit-0.4.0.tgz 335ms (cache miss)
662 http fetch GET 200 https://cdn.npmmirror.com/packages/isstream/0.1.2/isstream-0.1.2.tgz 334ms (cache miss)
663 http fetch GET 200 https://cdn.npmmirror.com/packages/combined-stream/1.0.8/combined-stream-1.0.8.tgz 333ms (cache miss)
664 http fetch GET 200 https://cdn.npmmirror.com/packages/caseless/0.12.0/caseless-0.12.0.tgz 334ms (cache miss)
665 http fetch GET 200 https://cdn.npmmirror.com/packages/aws4/1.13.2/aws4-1.13.2.tgz 334ms (cache miss)
666 http fetch GET 200 https://cdn.npmmirror.com/packages/http-signature/1.2.0/http-signature-1.2.0.tgz 334ms (cache miss)
667 http fetch GET 200 https://cdn.npmmirror.com/packages/safer-buffer/2.1.2/safer-buffer-2.1.2.tgz 336ms (cache miss)
668 http fetch GET 200 https://cdn.npmmirror.com/packages/extend/3.0.2/extend-3.0.2.tgz 335ms (cache miss)
669 http fetch GET 200 https://cdn.npmmirror.com/packages/uuid/3.4.0/uuid-3.4.0.tgz 337ms (cache miss)
670 http fetch GET 200 https://cdn.npmmirror.com/packages/tweetnacl/0.14.5/tweetnacl-0.14.5.tgz 339ms (cache miss)
671 http fetch GET 200 https://cdn.npmmirror.com/packages/onetime/5.1.2/onetime-5.1.2.tgz 336ms (cache miss)
672 http fetch GET 200 https://cdn.npmmirror.com/packages/pkg-up/3.1.0/pkg-up-3.1.0.tgz 336ms (cache miss)
673 http fetch GET 200 https://cdn.npmmirror.com/packages/aws-sign2/0.7.0/aws-sign2-0.7.0.tgz 337ms (cache miss)
674 warn deprecated uuid@3.4.0: Please upgrade  to version 7 or higher.  Older versions may use Math.random() in certain circumstances, which is known to be problematic.  See https://v8.dev/blog/math-random for details.
675 http fetch GET 200 https://cdn.npmmirror.com/packages/strnum/1.1.2/strnum-1.1.2.tgz 338ms (cache miss)
676 http fetch GET 200 https://cdn.npmmirror.com/packages/bcrypt-pbkdf/1.0.2/bcrypt-pbkdf-1.0.2.tgz 338ms (cache miss)
677 http fetch GET 200 https://cdn.npmmirror.com/packages/make-dir/3.1.0/make-dir-3.1.0.tgz 339ms (cache miss)
678 http fetch GET 200 https://cdn.npmmirror.com/packages/is-obj/2.0.0/is-obj-2.0.0.tgz 341ms (cache miss)
679 http fetch GET 200 https://cdn.npmmirror.com/packages/env-paths/2.2.1/env-paths-2.2.1.tgz 342ms (cache miss)
680 http fetch GET 200 https://cdn.npmmirror.com/packages/form-data/2.3.3/form-data-2.3.3.tgz 343ms (cache miss)
681 http fetch GET 200 https://cdn.npmmirror.com/packages/debounce-fn/4.0.0/debounce-fn-4.0.0.tgz 343ms (cache miss)
682 http fetch GET 200 https://cdn.npmmirror.com/packages/dot-prop/6.0.1/dot-prop-6.0.1.tgz 345ms (cache miss)
683 http fetch GET 200 https://cdn.npmmirror.com/packages/mime-db/1.52.0/mime-db-1.52.0.tgz 346ms (cache miss)
684 http fetch GET 200 https://cdn.npmmirror.com/packages/locate-path/3.0.0/locate-path-3.0.0.tgz 345ms (cache miss)
685 http fetch GET 200 https://cdn.npmmirror.com/packages/mime-types/2.1.35/mime-types-2.1.35.tgz 345ms (cache miss)
686 http fetch GET 200 https://cdn.npmmirror.com/packages/path-exists/3.0.0/path-exists-3.0.0.tgz 345ms (cache miss)
687 http fetch GET 200 https://cdn.npmmirror.com/packages/p-locate/3.0.0/p-locate-3.0.0.tgz 345ms (cache miss)
688 http fetch GET 200 https://cdn.npmmirror.com/packages/mimic-fn/3.1.0/mimic-fn-3.1.0.tgz 345ms (cache miss)
689 http fetch GET 200 https://cdn.npmmirror.com/packages/find-up/3.0.0/find-up-3.0.0.tgz 345ms (cache miss)
690 http fetch GET 200 https://cdn.npmmirror.com/packages/mimic-fn/2.1.0/mimic-fn-2.1.0.tgz 346ms (cache miss)
691 http fetch GET 200 https://cdn.npmmirror.com/packages/json-schema-typed/7.0.3/json-schema-typed-7.0.3.tgz 347ms (cache miss)
692 http fetch GET 200 https://cdn.npmmirror.com/packages/p-limit/2.3.0/p-limit-2.3.0.tgz 346ms (cache miss)
693 http fetch GET 200 https://cdn.npmmirror.com/packages/json-schema-traverse/1.0.0/json-schema-traverse-1.0.0.tgz 347ms (cache miss)
694 http fetch GET 200 https://cdn.npmmirror.com/packages/json-schema-traverse/1.0.0/json-schema-traverse-1.0.0.tgz 348ms (cache miss)
695 http fetch GET 200 https://cdn.npmmirror.com/packages/qs/6.5.5/qs-6.5.5.tgz 351ms (cache miss)
696 http fetch GET 200 https://cdn.npmmirror.com/packages/ajv-formats/1.6.1/ajv-formats-1.6.1.tgz 349ms (cache miss)
697 http fetch GET 200 https://cdn.npmmirror.com/packages/request/2.88.2/request-2.88.2.tgz 354ms (cache miss)
698 warn deprecated request@2.88.2: request has been deprecated, see https://github.com/request/request/issues/3142
699 http fetch GET 200 https://cdn.npmmirror.com/packages/psl/1.15.0/psl-1.15.0.tgz 360ms (cache miss)
700 http fetch GET 200 https://cdn.npmmirror.com/packages/cos-nodejs-sdk-v5/2.15.4/cos-nodejs-sdk-v5-2.15.4.tgz 356ms (cache miss)
701 http fetch GET 200 https://cdn.npmmirror.com/packages/sshpk/1.18.0/sshpk-1.18.0.tgz 361ms (cache miss)
702 http fetch GET 200 https://cdn.npmmirror.com/packages/conf/9.0.2/conf-9.0.2.tgz 360ms (cache miss)
703 http fetch GET 200 https://cdn.npmmirror.com/packages/fast-xml-parser/4.2.5/fast-xml-parser-4.2.5.tgz 360ms (cache miss)
704 http fetch GET 200 https://cdn.npmmirror.com/packages/atomically/1.7.0/atomically-1.7.0.tgz 363ms (cache miss)
705 http fetch GET 200 https://cdn.npmmirror.com/packages/ajv/7.2.4/ajv-7.2.4.tgz 740ms (cache miss)
706 http fetch GET 200 https://cdn.npmmirror.com/packages/ajv/7.2.4/ajv-7.2.4.tgz 741ms (cache miss)
707 silly ADD node_modules/p-try
708 silly ADD node_modules/require-from-string
709 silly ADD node_modules/core-util-is
710 silly ADD node_modules/psl
711 silly ADD node_modules/tweetnacl
712 silly ADD node_modules/safer-buffer
713 silly ADD node_modules/jsbn
714 silly ADD node_modules/getpass
715 silly ADD node_modules/ecc-jsbn
716 silly ADD node_modules/dashdash
717 silly ADD node_modules/bcrypt-pbkdf
718 silly ADD node_modules/asn1
719 silly ADD node_modules/verror
720 silly ADD node_modules/json-schema
721 silly ADD node_modules/extsprintf
722 silly ADD node_modules/sshpk
723 silly ADD node_modules/jsprim
724 silly ADD node_modules/assert-plus
725 silly ADD node_modules/har-schema
726 silly ADD node_modules/asynckit
727 silly ADD node_modules/delayed-stream
728 silly ADD node_modules/uuid
729 silly ADD node_modules/tunnel-agent
730 silly ADD node_modules/tough-cookie
731 silly ADD node_modules/safe-buffer
732 silly ADD node_modules/qs
733 silly ADD node_modules/performance-now
734 silly ADD node_modules/oauth-sign
735 silly ADD node_modules/json-stringify-safe
736 silly ADD node_modules/isstream
737 silly ADD node_modules/is-typedarray
738 silly ADD node_modules/http-signature
739 silly ADD node_modules/har-validator
740 silly ADD node_modules/form-data
741 silly ADD node_modules/forever-agent
742 silly ADD node_modules/extend
743 silly ADD node_modules/combined-stream
744 silly ADD node_modules/caseless
745 silly ADD node_modules/aws4
746 silly ADD node_modules/aws-sign2
747 silly ADD node_modules/mime-db
748 silly ADD node_modules/strnum
749 silly ADD node_modules/is-obj
750 silly ADD node_modules/mimic-fn
751 silly ADD node_modules/pkg-up
752 silly ADD node_modules/pkg-up/node_modules/p-limit
753 silly ADD node_modules/pkg-up/node_modules/path-exists
754 silly ADD node_modules/pkg-up/node_modules/p-locate
755 silly ADD node_modules/pkg-up/node_modules/locate-path
756 silly ADD node_modules/pkg-up/node_modules/find-up
757 silly ADD node_modules/onetime
758 silly ADD node_modules/onetime/node_modules/mimic-fn
759 silly ADD node_modules/make-dir
760 silly ADD node_modules/json-schema-typed
761 silly ADD node_modules/env-paths
762 silly ADD node_modules/dot-prop
763 silly ADD node_modules/debounce-fn
764 silly ADD node_modules/atomically
765 silly ADD node_modules/ajv-formats
766 silly ADD node_modules/ajv-formats/node_modules/json-schema-traverse
767 silly ADD node_modules/ajv-formats/node_modules/ajv
768 silly ADD node_modules/request
769 silly ADD node_modules/mime-types
770 silly ADD node_modules/fast-xml-parser
771 silly ADD node_modules/conf
772 silly ADD node_modules/conf/node_modules/json-schema-traverse
773 silly ADD node_modules/conf/node_modules/semver
774 silly ADD node_modules/conf/node_modules/ajv
775 silly ADD node_modules/cos-nodejs-sdk-v5
776 silly ADD
777 silly ADD
778 silly ADD
779 silly ADD
780 silly ADD
781 silly ADD
782 silly ADD
783 silly ADD
784 silly ADD
785 silly ADD
786 silly ADD
787 silly ADD
788 silly ADD
789 silly ADD
790 silly ADD
791 silly ADD
792 silly ADD
793 silly ADD
794 silly ADD
795 silly ADD
796 silly ADD
797 silly ADD
798 silly ADD
799 silly ADD
800 silly ADD
801 silly ADD
802 silly ADD
803 silly ADD
804 silly ADD
805 silly ADD
806 silly ADD
807 silly ADD
808 silly ADD
809 silly ADD
810 silly ADD
811 silly ADD
812 silly ADD
813 silly ADD
814 silly ADD
815 silly ADD
816 silly ADD
817 silly ADD
818 silly ADD
819 silly ADD
820 silly ADD
821 silly ADD
822 silly ADD
823 silly ADD
824 silly ADD
825 silly ADD
826 silly ADD
827 silly ADD
828 silly ADD
829 silly ADD
830 silly ADD
831 silly ADD
832 silly ADD
833 silly ADD
834 silly ADD
835 silly ADD
836 silly ADD
837 silly ADD
838 silly ADD
839 silly ADD
840 silly ADD
841 silly ADD
842 silly ADD
843 silly ADD
844 verbose cwd /Users/jind/Desktop/Code/website
845 verbose os Darwin 24.5.0
846 verbose node v22.13.0
847 verbose npm  v10.9.2
848 verbose exit 0
849 info ok
